
> kyz-uzatu-invitation@0.1.0 build /Users/jinki/Desktop/트립소다/이진기/3. 트립소다 카자흐스탄/7. 홈페이지/kyz-uzatu-invitation
> react-scripts build

Creating an optimized production build...
Failed to compile.

[eslint] Cannot read config file: /Users/jinki/Desktop/트립소다/이진기/3. 트립소다 카자흐스탄/7. 홈페이지/kyz-uzatu-invitation/node_modules/eslint-config-react-app/base.js
Error: Cannot find module 'node:path'
Require stack:
- /Users/jinki/Desktop/트립소다/이진기/3. 트립소다 카자흐스탄/7. 홈페이지/kyz-uzatu-invitation/node_modules/@rushstack/eslint-patch/lib-commonjs/_patch-base.js
- /Users/jinki/Desktop/트립소다/이진기/3. 트립소다 카자흐스탄/7. 홈페이지/kyz-uzatu-invitation/node_modules/@rushstack/eslint-patch/lib-commonjs/modern-module-resolution.js
- /Users/jinki/Desktop/트립소다/이진기/3. 트립소다 카자흐스탄/7. 홈페이지/kyz-uzatu-invitation/node_modules/eslint-config-react-app/base.js
- /Users/jinki/Desktop/트립소다/이진기/3. 트립소다 카자흐스탄/7. 홈페이지/kyz-uzatu-invitation/node_modules/@eslint/eslintrc/dist/eslintrc.cjs
- /Users/jinki/Desktop/트립소다/이진기/3. 트립소다 카자흐스탄/7. 홈페이지/kyz-uzatu-invitation/node_modules/eslint/lib/cli-engine/cli-engine.js
- /Users/jinki/Desktop/트립소다/이진기/3. 트립소다 카자흐스탄/7. 홈페이지/kyz-uzatu-invitation/node_modules/eslint/lib/eslint/eslint.js
- /Users/jinki/Desktop/트립소다/이진기/3. 트립소다 카자흐스탄/7. 홈페이지/kyz-uzatu-invitation/node_modules/eslint/lib/eslint/index.js
- /Users/jinki/Desktop/트립소다/이진기/3. 트립소다 카자흐스탄/7. 홈페이지/kyz-uzatu-invitation/node_modules/eslint/lib/api.js
- /Users/jinki/Desktop/트립소다/이진기/3. 트립소다 카자흐스탄/7. 홈페이지/kyz-uzatu-invitation/node_modules/eslint-webpack-plugin/dist/getESLint.js
- /Users/jinki/Desktop/트립소다/이진기/3. 트립소다 카자흐스탄/7. 홈페이지/kyz-uzatu-invitation/node_modules/eslint-webpack-plugin/dist/linter.js
- /Users/jinki/Desktop/트립소다/이진기/3. 트립소다 카자흐스탄/7. 홈페이지/kyz-uzatu-invitation/node_modules/eslint-webpack-plugin/dist/index.js
- /Users/jinki/Desktop/트립소다/이진기/3. 트립소다 카자흐스탄/7. 홈페이지/kyz-uzatu-invitation/node_modules/react-scripts/config/webpack.config.js
- /Users/jinki/Desktop/트립소다/이진기/3. 트립소다 카자흐스탄/7. 홈페이지/kyz-uzatu-invitation/node_modules/react-scripts/scripts/build.js
Referenced from: BaseConfig


npm ERR! code ELIFECYCLE
npm ERR! errno 1
npm ERR! kyz-uzatu-invitation@0.1.0 build: `react-scripts build`
npm ERR! Exit status 1
npm ERR! 
npm ERR! Failed at the kyz-uzatu-invitation@0.1.0 build script.
npm ERR! This is probably not a problem with npm. There is likely additional logging output above.

npm ERR! A complete log of this run can be found in:
npm ERR!     /Users/jinki/.npm/_logs/2026-05-11T01_47_35_497Z-debug.log
